<?xml version="1.0" encoding="UTF-8"?>
<testng-results ignored="0" total="1" passed="1" failed="0" skipped="0">
  <reporter-output>
  </reporter-output>
  <suite started-at="2024-03-29T15:08:20 CET" name="Default suite" finished-at="2024-03-29T15:08:52 CET" duration-ms="31300">
    <groups>
    </groups>
    <test started-at="2024-03-29T15:08:20 CET" name="Default test" finished-at="2024-03-29T15:08:52 CET" duration-ms="31300">
      <class name="hduappium.AccessibilityTest5">
        <test-method is-config="true" signature="ConfigureAppium1()[pri:0, instance:hduappium.AccessibilityTest5@5032714f]" started-at="2024-03-29T15:08:20 CET" name="ConfigureAppium1" finished-at="2024-03-29T15:08:28 CET" duration-ms="7602" status="PASS">
          <reporter-output>
          </reporter-output>
        </test-method> <!-- ConfigureAppium1 -->
        <test-method signature="accessibilityTest()[pri:0, instance:hduappium.AccessibilityTest5@5032714f]" started-at="2024-03-29T15:08:28 CET" name="accessibilityTest" finished-at="2024-03-29T15:08:51 CET" duration-ms="23331" status="PASS">
          <reporter-output>
          </reporter-output>
        </test-method> <!-- accessibilityTest -->
        <test-method is-config="true" signature="tearDown()[pri:0, instance:hduappium.AccessibilityTest5@5032714f]" started-at="2024-03-29T15:08:51 CET" name="tearDown" finished-at="2024-03-29T15:08:52 CET" duration-ms="316" status="PASS">
          <reporter-output>
          </reporter-output>
        </test-method> <!-- tearDown -->
      </class> <!-- hduappium.AccessibilityTest5 -->
    </test> <!-- Default test -->
  </suite> <!-- Default suite -->
</testng-results>
